<?xml version="1.0" encoding="UTF-8"?>
<!-- Generated by org.testng.reporters.JUnitReportReporter -->
<testsuite hostname="DESKTOP-F7R8644" failures="0" tests="3" name="testNG.Test3" time="0.017" errors="0" timestamp="2021-10-08T10:45:38 IST" skipped="1">
  <testcase classname="testNG.Test3" name="chats" time="0.015"/>
  <system-out>
    <![CDATA[Chats]]>
  </system-out>
  <testcase classname="testNG.Test3" name="calls" time="0.002"/>
  <system-out>
    <![CDATA[Calls]]>
  </system-out>
  <testcase classname="testNG.Test3" name="settings">
    <skipped/>
  </testcase> <!-- settings -->
  <system-out/>
</testsuite> <!-- testNG.Test3 -->
