<?xml version="1.0" encoding="UTF-8"?>
<!-- Generated by org.testng.reporters.JUnitReportReporter -->
<testsuite hostname="DESKTOP-F7R8644" failures="0" tests="1" name="testNG.Test0" time="0.012" errors="0" timestamp="2021-11-16T15:45:43 IST" skipped="0">
  <testcase classname="testNG.Test0" name="demo" time="0.012"/>
  <system-out>
    <![CDATA[Hello Selenium
Hello Java]]>
  </system-out>
</testsuite> <!-- testNG.Test0 -->
