<?xml version="1.0" encoding="UTF-8"?>
<!-- Generated by org.testng.reporters.JUnitReportReporter -->
<testsuite hostname="DESKTOP-F7R8644" failures="0" tests="3" name="testNG.Test1" time="0.029" errors="0" timestamp="2021-10-08T09:08:31 IST" skipped="0">
  <testcase classname="testNG.Test1" name="settings" time="0.005"/>
  <system-out>
    <![CDATA[Settings]]>
  </system-out>
  <testcase classname="testNG.Test1" name="chats" time="0.019"/>
  <system-out>
    <![CDATA[Chats]]>
  </system-out>
  <testcase classname="testNG.Test1" name="calls" time="0.005"/>
  <system-out>
    <![CDATA[Calls]]>
  </system-out>
</testsuite> <!-- testNG.Test1 -->
