<?xml version="1.0" encoding="UTF-8"?>
<!-- Generated by org.testng.reporters.JUnitReportReporter -->
<testsuite hostname="DESKTOP-F7R8644" failures="0" tests="1" name="testNG.CrmTestCase05" time="30.006" errors="0" timestamp="2021-11-16T17:58:04 IST" skipped="0">
  <testcase classname="testNG.CrmTestCase05" name="signIn" time="30.006"/>
  <system-out/>
</testsuite> <!-- testNG.CrmTestCase05 -->
