<?xml version="1.0" encoding="UTF-8"?>
<!-- Generated by org.testng.reporters.JUnitReportReporter -->
<testsuite hostname="DESKTOP-F7R8644" failures="0" tests="7" name="testNG.Test2" time="0.039" errors="0" timestamp="2021-10-08T09:08:43 IST" skipped="0">
  <testcase classname="testNG.Test2" name="settings" time="0.002"/>
  <system-out>
    <![CDATA[Settings]]>
  </system-out>
  <testcase classname="testNG.Test2" name="settings" time="0.005"/>
  <system-out>
    <![CDATA[Settings]]>
  </system-out>
  <testcase classname="testNG.Test2" name="chats" time="0.017"/>
  <system-out>
    <![CDATA[Chats]]>
  </system-out>
  <testcase classname="testNG.Test2" name="settings" time="0.005"/>
  <system-out>
    <![CDATA[Settings]]>
  </system-out>
  <testcase classname="testNG.Test2" name="settings" time="0.004"/>
  <system-out>
    <![CDATA[Settings]]>
  </system-out>
  <testcase classname="testNG.Test2" name="settings" time="0.004"/>
  <system-out>
    <![CDATA[Settings]]>
  </system-out>
  <testcase classname="testNG.Test2" name="calls" time="0.002"/>
  <system-out>
    <![CDATA[Calls]]>
  </system-out>
</testsuite> <!-- testNG.Test2 -->
