<?xml version="1.0" encoding="UTF-8"?>
<!-- Generated by org.testng.reporters.JUnitReportReporter -->
<testsuite hostname="DESKTOP-F7R8644" failures="0" tests="1" name="testNG.TestCase3" time="11.447" errors="0" timestamp="2021-10-08T12:37:41 IST" skipped="0">
  <testcase classname="testNG.TestCase3" name="createApage" time="11.447"/>
  <system-out>
    <![CDATA[Log in to Facebook
https://en-gb.facebook.com/login/?next=https%3A%2F%2Fen-gb.facebook.com%2Fpages%2Fcreate%2F%3Fref_type%3Dregistration_form]]>
  </system-out>
</testsuite> <!-- testNG.TestCase3 -->
