<?xml version="1.0" encoding="UTF-8"?>
<!-- Generated by org.testng.reporters.JUnitReportReporter -->
<testsuite hostname="DESKTOP-F7R8644" failures="0" tests="1" name="testNG.TestCase2" time="11.569" errors="0" timestamp="2021-10-08T12:37:41 IST" skipped="0">
  <testcase classname="testNG.TestCase2" name="forgotPassword" time="11.569"/>
  <system-out>
    <![CDATA[Forgotten Password | Can't Log In | Facebook
https://en-gb.facebook.com/login/identify/?ctx=recover&ars=facebook_login&from_login_screen=0]]>
  </system-out>
</testsuite> <!-- testNG.TestCase2 -->
