<?xml version="1.0" encoding="UTF-8"?>
<!-- Generated by org.testng.reporters.JUnitReportReporter -->
<testsuite hostname="DESKTOP-F7R8644" failures="0" tests="1" name="testNG.CrmTestCase03" time="23.043" errors="0" timestamp="2021-11-16T16:25:11 IST" skipped="0">
  <testcase classname="testNG.CrmTestCase03" name="signIn" time="23.043"/>
  <system-out/>
</testsuite> <!-- testNG.CrmTestCase03 -->
