<?xml version="1.0" encoding="UTF-8"?>
<!-- Generated by org.testng.reporters.JUnitReportReporter -->
<testsuite hostname="DESKTOP-F7R8644" failures="0" tests="1" name="testNG.CrmTest01dup" time="18.454" errors="0" timestamp="2021-11-16T16:10:43 IST" skipped="0">
  <testcase classname="testNG.CrmTest01dup" name="signIn" time="18.454"/>
  <system-out>
    <![CDATA[Administrator - Organizations - vtiger CRM 5 - Commercial Open Source CRM
http://localhost:8888/index.php?module=Accounts&action=EditView&return_action=DetailView&parenttab=Marketing]]>
  </system-out>
</testsuite> <!-- testNG.CrmTest01dup -->
